[KERNEL] [    0.000000] SIS Kernel starting...
[MARKER] boot:start
[MARKER] boot:memory_init
[KERNEL] [    0.100000] Memory subsystem initialized
[MARKER] boot:graph_ready
[KERNEL] [    0.200000] Graph subsystem ready
[WS:graph_state] {"type":"graph_state","graphId":"graph-001","state":{"operators":[],"channels":[]},"ts":1699200000000}
[KERNEL] [    0.250000] Graph created: graph-001
[WS:graph_state] {"type":"graph_state","graphId":"graph-001","state":{"operators":[],"channels":[{"id":"ch-001","cap":100}]},"ts":1699200050000}
[KERNEL] [    0.300000] Channel added: ch-001 (cap=100)
[WS:graph_state] {"type":"graph_state","graphId":"graph-001","state":{"operators":[{"id":"op-001","prio":100,"stage":"input"}],"channels":[{"id":"ch-001","cap":100}]},"ts":1699200100000}
[KERNEL] [    0.350000] Operator added: op-001 (prio=100, stage=input)
[WS:graph_state] {"type":"graph_state","graphId":"graph-001","state":{"operators":[{"id":"op-001","prio":100,"stage":"input"},{"id":"op-002","prio":90,"stage":"process"}],"channels":[{"id":"ch-001","cap":100},{"id":"ch-002","cap":50}]},"ts":1699200150000}
[KERNEL] [    0.400000] Operator added: op-002 (prio=90, stage=process)
[WS:graph_state] {"type":"graph_state","graphId":"graph-001","state":{"operators":[{"id":"op-001","prio":100,"stage":"input","stats":{"execCount":10,"avgUs":120}},{"id":"op-002","prio":90,"stage":"process","stats":{"execCount":8,"avgUs":200}}],"channels":[{"id":"ch-001","cap":100,"depth":5},{"id":"ch-002","cap":50,"depth":3}]},"ts":1699200200000}
[KERNEL] [    0.500000] Graph started: 10 steps
[WS:graph_state] {"type":"graph_state","graphId":"graph-001","state":{"operators":[{"id":"op-001","prio":100,"stage":"input","stats":{"execCount":20,"avgUs":115}},{"id":"op-002","prio":90,"stage":"process","stats":{"execCount":18,"avgUs":195}}],"channels":[{"id":"ch-001","cap":100,"depth":8},{"id":"ch-002","cap":50,"depth":6}]},"ts":1699200250000}
[KERNEL] [    0.600000] Graph step 1 completed
[WS:graph_state] {"type":"graph_state","graphId":"graph-001","state":{"operators":[{"id":"op-001","prio":100,"stage":"input","stats":{"execCount":30,"avgUs":110}},{"id":"op-002","prio":90,"stage":"process","stats":{"execCount":28,"avgUs":190}}],"channels":[{"id":"ch-001","cap":100,"depth":12},{"id":"ch-002","cap":50,"depth":9}]},"ts":1699200300000}
[KERNEL] [    0.700000] Graph step 2 completed
[MARKER] boot:graph_running
[KERNEL] [    0.800000] Graph execution stable
[WS:graph_state] {"type":"graph_state","graphId":"graph-001","state":{"operators":[{"id":"op-001","prio":100,"stage":"input","stats":{"execCount":40,"avgUs":108}},{"id":"op-002","prio":90,"stage":"process","stats":{"execCount":38,"avgUs":188}}],"channels":[{"id":"ch-001","cap":100,"depth":15},{"id":"ch-002","cap":50,"depth":12}]},"ts":1699200350000}
[MARKER] boot:complete
[KERNEL] [    1.000000] Boot complete with graph subsystem
